10:53:17.866 [main] INFO  testCases.TC_002_AccountLoginTest - test started
10:55:16.149 [main] INFO  testCases.TC_002_AccountLoginTest - test started
10:58:36.668 [main] INFO  testCases.TC_002_AccountLoginTest - test started
10:58:45.950 [main] INFO  testCases.TC_002_AccountLoginTest - login completed
10:58:45.953 [main] INFO  testCases.TC_002_AccountLoginTest - myAccount started
10:58:56.034 [main] INFO  testCases.TC_002_AccountLoginTest - target displayed
11:12:47.044 [main] INFO  testCases.TC_001_AccountRegistrationTest - test started
11:12:47.054 [main] INFO  testCases.TC_001_AccountRegistrationTest - Home page started
11:12:49.008 [main] INFO  testCases.TC_001_AccountRegistrationTest - AccountRegistrationpage started
11:22:06.805 [main] INFO  testCases.TC_001_AccountRegistrationTest - test started
11:22:06.823 [main] INFO  testCases.TC_001_AccountRegistrationTest - Home page started
11:22:08.238 [main] INFO  testCases.TC_001_AccountRegistrationTest - AccountRegistrationpage started
11:22:11.955 [main] INFO  testCases.TC_001_AccountRegistrationTest - Confirmation page started
12:30:41.577 [main] INFO  testCases.TC_003_DataDrivenTest - test started
12:30:41.583 [main] INFO  testCases.TC_003_DataDrivenTest - Home page started
12:30:42.652 [main] INFO  testCases.TC_003_DataDrivenTest - login page started
12:30:43.938 [main] INFO  testCases.TC_003_DataDrivenTest - login page ended
12:30:43.939 [main] INFO  testCases.TC_003_DataDrivenTest - MyAccount page stared
12:30:53.995 [main] INFO  testCases.TC_003_DataDrivenTest - Data Driven test started
12:30:54.000 [main] INFO  testCases.TC_003_DataDrivenTest - DataDriven test Ended
12:30:54.000 [main] INFO  testCases.TC_003_DataDrivenTest - test ended
12:30:54.030 [main] INFO  testCases.TC_003_DataDrivenTest - test started
12:30:54.030 [main] INFO  testCases.TC_003_DataDrivenTest - Home page started
12:30:54.567 [main] INFO  testCases.TC_003_DataDrivenTest - login page started
12:30:55.296 [main] INFO  testCases.TC_003_DataDrivenTest - login page ended
12:30:55.297 [main] INFO  testCases.TC_003_DataDrivenTest - MyAccount page stared
12:31:05.516 [main] INFO  testCases.TC_003_DataDrivenTest - Data Driven test started
12:31:05.516 [main] INFO  testCases.TC_003_DataDrivenTest - DataDriven test Ended
12:31:05.517 [main] INFO  testCases.TC_003_DataDrivenTest - test ended
12:31:05.522 [main] INFO  testCases.TC_003_DataDrivenTest - test started
12:31:05.522 [main] INFO  testCases.TC_003_DataDrivenTest - Home page started
12:31:06.181 [main] INFO  testCases.TC_003_DataDrivenTest - login page started
12:31:07.002 [main] INFO  testCases.TC_003_DataDrivenTest - login page ended
12:31:07.003 [main] INFO  testCases.TC_003_DataDrivenTest - MyAccount page stared
12:31:17.044 [main] INFO  testCases.TC_003_DataDrivenTest - Data Driven test started
12:31:17.044 [main] INFO  testCases.TC_003_DataDrivenTest - DataDriven test Ended
12:31:17.044 [main] INFO  testCases.TC_003_DataDrivenTest - test ended
12:31:17.057 [main] INFO  testCases.TC_003_DataDrivenTest - test started
12:31:17.057 [main] INFO  testCases.TC_003_DataDrivenTest - Home page started
12:31:17.766 [main] INFO  testCases.TC_003_DataDrivenTest - login page started
12:31:18.494 [main] INFO  testCases.TC_003_DataDrivenTest - login page ended
12:31:18.494 [main] INFO  testCases.TC_003_DataDrivenTest - MyAccount page stared
12:31:28.535 [main] INFO  testCases.TC_003_DataDrivenTest - Data Driven test started
12:31:28.544 [main] INFO  testCases.TC_003_DataDrivenTest - DataDriven test Ended
12:31:28.544 [main] INFO  testCases.TC_003_DataDrivenTest - test ended
12:31:28.554 [main] INFO  testCases.TC_003_DataDrivenTest - test started
12:31:28.555 [main] INFO  testCases.TC_003_DataDrivenTest - Home page started
12:31:29.092 [main] INFO  testCases.TC_003_DataDrivenTest - login page started
12:31:29.733 [main] INFO  testCases.TC_003_DataDrivenTest - login page ended
12:31:29.734 [main] INFO  testCases.TC_003_DataDrivenTest - MyAccount page stared
12:31:39.826 [main] INFO  testCases.TC_003_DataDrivenTest - Data Driven test started
12:46:00.486 [main] INFO  testCases.TC_003_DataDrivenTest - test started
12:46:00.535 [main] INFO  testCases.TC_003_DataDrivenTest - Home page started
12:46:01.478 [main] INFO  testCases.TC_003_DataDrivenTest - login page started
12:46:02.525 [main] INFO  testCases.TC_003_DataDrivenTest - login page ended
12:46:02.525 [main] INFO  testCases.TC_003_DataDrivenTest - MyAccount page stared
12:46:12.625 [main] INFO  testCases.TC_003_DataDrivenTest - Data Driven test started
12:46:12.630 [main] INFO  testCases.TC_003_DataDrivenTest - DataDriven test Ended
12:46:12.630 [main] INFO  testCases.TC_003_DataDrivenTest - test ended
12:46:12.674 [main] INFO  testCases.TC_003_DataDrivenTest - test started
12:46:12.674 [main] INFO  testCases.TC_003_DataDrivenTest - Home page started
12:46:13.332 [main] INFO  testCases.TC_003_DataDrivenTest - login page started
12:46:14.108 [main] INFO  testCases.TC_003_DataDrivenTest - login page ended
12:46:14.108 [main] INFO  testCases.TC_003_DataDrivenTest - MyAccount page stared
12:46:24.162 [main] INFO  testCases.TC_003_DataDrivenTest - Data Driven test started
12:46:24.162 [main] INFO  testCases.TC_003_DataDrivenTest - DataDriven test Ended
12:46:24.162 [main] INFO  testCases.TC_003_DataDrivenTest - test ended
12:46:24.165 [main] INFO  testCases.TC_003_DataDrivenTest - test started
12:46:24.165 [main] INFO  testCases.TC_003_DataDrivenTest - Home page started
12:46:24.818 [main] INFO  testCases.TC_003_DataDrivenTest - login page started
12:46:25.687 [main] INFO  testCases.TC_003_DataDrivenTest - login page ended
12:46:25.688 [main] INFO  testCases.TC_003_DataDrivenTest - MyAccount page stared
12:46:35.744 [main] INFO  testCases.TC_003_DataDrivenTest - Data Driven test started
12:46:35.744 [main] INFO  testCases.TC_003_DataDrivenTest - DataDriven test Ended
12:46:35.745 [main] INFO  testCases.TC_003_DataDrivenTest - test ended
12:46:35.747 [main] INFO  testCases.TC_003_DataDrivenTest - test started
12:46:35.748 [main] INFO  testCases.TC_003_DataDrivenTest - Home page started
12:46:36.426 [main] INFO  testCases.TC_003_DataDrivenTest - login page started
12:46:37.110 [main] INFO  testCases.TC_003_DataDrivenTest - login page ended
12:46:37.110 [main] INFO  testCases.TC_003_DataDrivenTest - MyAccount page stared
12:46:47.155 [main] INFO  testCases.TC_003_DataDrivenTest - Data Driven test started
12:46:47.155 [main] INFO  testCases.TC_003_DataDrivenTest - DataDriven test Ended
12:46:47.155 [main] INFO  testCases.TC_003_DataDrivenTest - test ended
12:46:47.161 [main] INFO  testCases.TC_003_DataDrivenTest - test started
12:46:47.161 [main] INFO  testCases.TC_003_DataDrivenTest - Home page started
12:46:48.155 [main] INFO  testCases.TC_003_DataDrivenTest - login page started
12:46:48.858 [main] INFO  testCases.TC_003_DataDrivenTest - login page ended
12:46:48.858 [main] INFO  testCases.TC_003_DataDrivenTest - MyAccount page stared
12:46:58.901 [main] INFO  testCases.TC_003_DataDrivenTest - Data Driven test started
12:54:33.063 [main] INFO  testCases.TC_003_DataDrivenTest - test started
12:54:33.075 [main] INFO  testCases.TC_003_DataDrivenTest - Home page started
12:54:34.270 [main] INFO  testCases.TC_003_DataDrivenTest - login page started
12:54:35.271 [main] INFO  testCases.TC_003_DataDrivenTest - login page ended
12:54:35.272 [main] INFO  testCases.TC_003_DataDrivenTest - MyAccount page stared
12:54:45.390 [main] INFO  testCases.TC_003_DataDrivenTest - Data Driven test started
12:54:45.401 [main] INFO  testCases.TC_003_DataDrivenTest - DataDriven test Ended
12:54:45.402 [main] INFO  testCases.TC_003_DataDrivenTest - test ended
12:54:45.449 [main] INFO  testCases.TC_003_DataDrivenTest - test started
12:54:45.449 [main] INFO  testCases.TC_003_DataDrivenTest - Home page started
12:54:46.271 [main] INFO  testCases.TC_003_DataDrivenTest - login page started
12:54:46.997 [main] INFO  testCases.TC_003_DataDrivenTest - login page ended
12:54:46.999 [main] INFO  testCases.TC_003_DataDrivenTest - MyAccount page stared
12:54:57.097 [main] INFO  testCases.TC_003_DataDrivenTest - Data Driven test started
12:54:57.097 [main] INFO  testCases.TC_003_DataDrivenTest - DataDriven test Ended
12:54:57.097 [main] INFO  testCases.TC_003_DataDrivenTest - test ended
12:54:57.101 [main] INFO  testCases.TC_003_DataDrivenTest - test started
12:54:57.101 [main] INFO  testCases.TC_003_DataDrivenTest - Home page started
12:54:57.829 [main] INFO  testCases.TC_003_DataDrivenTest - login page started
12:54:58.466 [main] INFO  testCases.TC_003_DataDrivenTest - login page ended
12:54:58.466 [main] INFO  testCases.TC_003_DataDrivenTest - MyAccount page stared
12:55:08.538 [main] INFO  testCases.TC_003_DataDrivenTest - Data Driven test started
12:55:08.546 [main] INFO  testCases.TC_003_DataDrivenTest - DataDriven test Ended
12:55:08.546 [main] INFO  testCases.TC_003_DataDrivenTest - test ended
12:55:08.550 [main] INFO  testCases.TC_003_DataDrivenTest - test started
12:55:08.551 [main] INFO  testCases.TC_003_DataDrivenTest - Home page started
12:55:09.363 [main] INFO  testCases.TC_003_DataDrivenTest - login page started
12:55:10.103 [main] INFO  testCases.TC_003_DataDrivenTest - login page ended
12:55:10.104 [main] INFO  testCases.TC_003_DataDrivenTest - MyAccount page stared
12:55:20.173 [main] INFO  testCases.TC_003_DataDrivenTest - Data Driven test started
12:55:20.182 [main] INFO  testCases.TC_003_DataDrivenTest - DataDriven test Ended
12:55:20.182 [main] INFO  testCases.TC_003_DataDrivenTest - test ended
12:55:20.187 [main] INFO  testCases.TC_003_DataDrivenTest - test started
12:55:20.187 [main] INFO  testCases.TC_003_DataDrivenTest - Home page started
12:55:21.167 [main] INFO  testCases.TC_003_DataDrivenTest - login page started
12:55:21.980 [main] INFO  testCases.TC_003_DataDrivenTest - login page ended
12:55:21.981 [main] INFO  testCases.TC_003_DataDrivenTest - MyAccount page stared
12:55:32.079 [main] INFO  testCases.TC_003_DataDrivenTest - Data Driven test started
13:02:04.060 [main] INFO  testCases.TC_003_DataDrivenTest - test started
13:02:04.081 [main] INFO  testCases.TC_003_DataDrivenTest - Home page started
13:02:05.751 [main] INFO  testCases.TC_003_DataDrivenTest - login page started
13:02:06.802 [main] INFO  testCases.TC_003_DataDrivenTest - login page ended
13:02:06.802 [main] INFO  testCases.TC_003_DataDrivenTest - MyAccount page stared
13:02:16.933 [main] INFO  testCases.TC_003_DataDrivenTest - Data Driven test started
13:02:16.955 [main] INFO  testCases.TC_003_DataDrivenTest - DataDriven test Ended
13:02:16.956 [main] INFO  testCases.TC_003_DataDrivenTest - test ended
13:02:17.092 [main] INFO  testCases.TC_003_DataDrivenTest - test started
13:02:17.093 [main] INFO  testCases.TC_003_DataDrivenTest - Home page started
13:02:18.135 [main] INFO  testCases.TC_003_DataDrivenTest - login page started
13:02:19.082 [main] INFO  testCases.TC_003_DataDrivenTest - login page ended
13:02:19.082 [main] INFO  testCases.TC_003_DataDrivenTest - MyAccount page stared
13:02:29.265 [main] INFO  testCases.TC_003_DataDrivenTest - Data Driven test started
13:02:29.265 [main] INFO  testCases.TC_003_DataDrivenTest - DataDriven test Ended
13:02:29.265 [main] INFO  testCases.TC_003_DataDrivenTest - test ended
13:02:29.272 [main] INFO  testCases.TC_003_DataDrivenTest - test started
13:02:29.273 [main] INFO  testCases.TC_003_DataDrivenTest - Home page started
13:02:29.948 [main] INFO  testCases.TC_003_DataDrivenTest - login page started
13:02:30.645 [main] INFO  testCases.TC_003_DataDrivenTest - login page ended
13:02:30.646 [main] INFO  testCases.TC_003_DataDrivenTest - MyAccount page stared
13:02:40.679 [main] INFO  testCases.TC_003_DataDrivenTest - Data Driven test started
13:02:40.679 [main] INFO  testCases.TC_003_DataDrivenTest - DataDriven test Ended
13:02:40.680 [main] INFO  testCases.TC_003_DataDrivenTest - test ended
13:02:40.685 [main] INFO  testCases.TC_003_DataDrivenTest - test started
13:02:40.685 [main] INFO  testCases.TC_003_DataDrivenTest - Home page started
13:02:41.401 [main] INFO  testCases.TC_003_DataDrivenTest - login page started
13:02:42.225 [main] INFO  testCases.TC_003_DataDrivenTest - login page ended
13:02:42.226 [main] INFO  testCases.TC_003_DataDrivenTest - MyAccount page stared
13:02:52.257 [main] INFO  testCases.TC_003_DataDrivenTest - Data Driven test started
13:02:52.259 [main] INFO  testCases.TC_003_DataDrivenTest - DataDriven test Ended
13:02:52.259 [main] INFO  testCases.TC_003_DataDrivenTest - test ended
13:02:52.269 [main] INFO  testCases.TC_003_DataDrivenTest - test started
13:02:52.269 [main] INFO  testCases.TC_003_DataDrivenTest - Home page started
13:02:53.051 [main] INFO  testCases.TC_003_DataDrivenTest - login page started
13:02:54.041 [main] INFO  testCases.TC_003_DataDrivenTest - login page ended
13:02:54.041 [main] INFO  testCases.TC_003_DataDrivenTest - MyAccount page stared
13:03:04.130 [main] INFO  testCases.TC_003_DataDrivenTest - Data Driven test started
13:17:04.650 [main] INFO  testCases.TC_003_DataDrivenTest - test started
13:17:04.661 [main] INFO  testCases.TC_003_DataDrivenTest - Home page started
13:17:05.616 [main] INFO  testCases.TC_003_DataDrivenTest - login page started
13:17:06.878 [main] INFO  testCases.TC_003_DataDrivenTest - login page ended
13:17:06.879 [main] INFO  testCases.TC_003_DataDrivenTest - MyAccount page stared
13:17:16.920 [main] INFO  testCases.TC_003_DataDrivenTest - Data Driven test started
13:17:16.924 [main] INFO  testCases.TC_003_DataDrivenTest - DataDriven test Ended
13:17:16.924 [main] INFO  testCases.TC_003_DataDrivenTest - test ended
13:17:16.983 [main] INFO  testCases.TC_003_DataDrivenTest - test started
13:17:16.994 [main] INFO  testCases.TC_003_DataDrivenTest - Home page started
13:17:17.603 [main] INFO  testCases.TC_003_DataDrivenTest - login page started
13:17:18.505 [main] INFO  testCases.TC_003_DataDrivenTest - login page ended
13:17:18.505 [main] INFO  testCases.TC_003_DataDrivenTest - MyAccount page stared
13:17:28.596 [main] INFO  testCases.TC_003_DataDrivenTest - Data Driven test started
13:17:28.603 [main] INFO  testCases.TC_003_DataDrivenTest - DataDriven test Ended
13:17:28.604 [main] INFO  testCases.TC_003_DataDrivenTest - test ended
13:17:28.620 [main] INFO  testCases.TC_003_DataDrivenTest - test started
13:17:28.621 [main] INFO  testCases.TC_003_DataDrivenTest - Home page started
13:17:29.182 [main] INFO  testCases.TC_003_DataDrivenTest - login page started
13:17:29.758 [main] INFO  testCases.TC_003_DataDrivenTest - login page ended
13:17:29.758 [main] INFO  testCases.TC_003_DataDrivenTest - MyAccount page stared
13:17:39.895 [main] INFO  testCases.TC_003_DataDrivenTest - Data Driven test started
13:17:39.896 [main] INFO  testCases.TC_003_DataDrivenTest - DataDriven test Ended
13:17:39.896 [main] INFO  testCases.TC_003_DataDrivenTest - test ended
13:17:39.901 [main] INFO  testCases.TC_003_DataDrivenTest - test started
13:17:39.901 [main] INFO  testCases.TC_003_DataDrivenTest - Home page started
13:17:40.640 [main] INFO  testCases.TC_003_DataDrivenTest - login page started
13:17:41.317 [main] INFO  testCases.TC_003_DataDrivenTest - login page ended
13:17:41.318 [main] INFO  testCases.TC_003_DataDrivenTest - MyAccount page stared
13:17:51.372 [main] INFO  testCases.TC_003_DataDrivenTest - Data Driven test started
13:17:51.372 [main] INFO  testCases.TC_003_DataDrivenTest - DataDriven test Ended
13:17:51.372 [main] INFO  testCases.TC_003_DataDrivenTest - test ended
13:17:51.376 [main] INFO  testCases.TC_003_DataDrivenTest - test started
13:17:51.377 [main] INFO  testCases.TC_003_DataDrivenTest - Home page started
13:17:52.026 [main] INFO  testCases.TC_003_DataDrivenTest - login page started
13:17:52.736 [main] INFO  testCases.TC_003_DataDrivenTest - login page ended
13:17:52.736 [main] INFO  testCases.TC_003_DataDrivenTest - MyAccount page stared
13:18:02.758 [main] INFO  testCases.TC_003_DataDrivenTest - Data Driven test started
13:21:33.911 [main] INFO  testCases.TC_003_DataDrivenTest - test started
13:21:33.921 [main] INFO  testCases.TC_003_DataDrivenTest - Home page started
13:21:34.832 [main] INFO  testCases.TC_003_DataDrivenTest - login page started
13:21:35.672 [main] INFO  testCases.TC_003_DataDrivenTest - login page ended
13:21:35.672 [main] INFO  testCases.TC_003_DataDrivenTest - MyAccount page stared
13:21:45.765 [main] INFO  testCases.TC_003_DataDrivenTest - Data Driven test started
13:21:45.769 [main] INFO  testCases.TC_003_DataDrivenTest - DataDriven test Ended
13:21:45.770 [main] INFO  testCases.TC_003_DataDrivenTest - test ended
13:21:45.808 [main] INFO  testCases.TC_003_DataDrivenTest - test started
13:21:45.809 [main] INFO  testCases.TC_003_DataDrivenTest - Home page started
13:21:46.667 [main] INFO  testCases.TC_003_DataDrivenTest - login page started
13:21:47.388 [main] INFO  testCases.TC_003_DataDrivenTest - login page ended
13:21:47.389 [main] INFO  testCases.TC_003_DataDrivenTest - MyAccount page stared
13:21:57.416 [main] INFO  testCases.TC_003_DataDrivenTest - Data Driven test started
13:21:57.416 [main] INFO  testCases.TC_003_DataDrivenTest - DataDriven test Ended
13:21:57.416 [main] INFO  testCases.TC_003_DataDrivenTest - test ended
13:21:57.419 [main] INFO  testCases.TC_003_DataDrivenTest - test started
13:21:57.419 [main] INFO  testCases.TC_003_DataDrivenTest - Home page started
13:21:58.230 [main] INFO  testCases.TC_003_DataDrivenTest - login page started
13:21:58.940 [main] INFO  testCases.TC_003_DataDrivenTest - login page ended
13:21:58.940 [main] INFO  testCases.TC_003_DataDrivenTest - MyAccount page stared
13:22:08.966 [main] INFO  testCases.TC_003_DataDrivenTest - Data Driven test started
13:22:08.966 [main] INFO  testCases.TC_003_DataDrivenTest - DataDriven test Ended
13:22:08.967 [main] INFO  testCases.TC_003_DataDrivenTest - test ended
13:22:08.969 [main] INFO  testCases.TC_003_DataDrivenTest - test started
13:22:08.970 [main] INFO  testCases.TC_003_DataDrivenTest - Home page started
13:22:09.799 [main] INFO  testCases.TC_003_DataDrivenTest - login page started
13:22:10.409 [main] INFO  testCases.TC_003_DataDrivenTest - login page ended
13:22:10.410 [main] INFO  testCases.TC_003_DataDrivenTest - MyAccount page stared
13:22:20.440 [main] INFO  testCases.TC_003_DataDrivenTest - Data Driven test started
13:22:20.440 [main] INFO  testCases.TC_003_DataDrivenTest - DataDriven test Ended
13:22:20.441 [main] INFO  testCases.TC_003_DataDrivenTest - test ended
13:22:20.446 [main] INFO  testCases.TC_003_DataDrivenTest - test started
13:22:20.446 [main] INFO  testCases.TC_003_DataDrivenTest - Home page started
13:22:21.238 [main] INFO  testCases.TC_003_DataDrivenTest - login page started
13:22:21.812 [main] INFO  testCases.TC_003_DataDrivenTest - login page ended
13:22:21.814 [main] INFO  testCases.TC_003_DataDrivenTest - MyAccount page stared
13:22:31.849 [main] INFO  testCases.TC_003_DataDrivenTest - Data Driven test started
13:31:42.682 [main] INFO  testCases.TC_003_DataDrivenTest - test started
13:31:42.688 [main] INFO  testCases.TC_003_DataDrivenTest - Home page started
13:31:43.480 [main] INFO  testCases.TC_003_DataDrivenTest - login page started
13:31:44.652 [main] INFO  testCases.TC_003_DataDrivenTest - login page ended
13:31:44.652 [main] INFO  testCases.TC_003_DataDrivenTest - MyAccount page stared
13:31:54.807 [main] INFO  testCases.TC_003_DataDrivenTest - Data Driven test started
13:31:54.813 [main] INFO  testCases.TC_003_DataDrivenTest - DataDriven test Ended
13:31:54.814 [main] INFO  testCases.TC_003_DataDrivenTest - test ended
13:31:54.856 [main] INFO  testCases.TC_003_DataDrivenTest - test started
13:31:54.857 [main] INFO  testCases.TC_003_DataDrivenTest - Home page started
13:31:55.500 [main] INFO  testCases.TC_003_DataDrivenTest - login page started
13:31:56.133 [main] INFO  testCases.TC_003_DataDrivenTest - login page ended
13:31:56.133 [main] INFO  testCases.TC_003_DataDrivenTest - MyAccount page stared
13:32:06.173 [main] INFO  testCases.TC_003_DataDrivenTest - Data Driven test started
13:32:06.180 [main] INFO  testCases.TC_003_DataDrivenTest - DataDriven test Ended
13:32:06.180 [main] INFO  testCases.TC_003_DataDrivenTest - test ended
13:32:06.185 [main] INFO  testCases.TC_003_DataDrivenTest - test started
13:32:06.185 [main] INFO  testCases.TC_003_DataDrivenTest - Home page started
13:32:06.769 [main] INFO  testCases.TC_003_DataDrivenTest - login page started
13:32:07.446 [main] INFO  testCases.TC_003_DataDrivenTest - login page ended
13:32:07.447 [main] INFO  testCases.TC_003_DataDrivenTest - MyAccount page stared
13:32:17.579 [main] INFO  testCases.TC_003_DataDrivenTest - Data Driven test started
13:32:17.579 [main] INFO  testCases.TC_003_DataDrivenTest - DataDriven test Ended
13:32:17.579 [main] INFO  testCases.TC_003_DataDrivenTest - test ended
13:32:17.586 [main] INFO  testCases.TC_003_DataDrivenTest - test started
13:32:17.587 [main] INFO  testCases.TC_003_DataDrivenTest - Home page started
13:32:18.170 [main] INFO  testCases.TC_003_DataDrivenTest - login page started
13:32:18.892 [main] INFO  testCases.TC_003_DataDrivenTest - login page ended
13:32:18.892 [main] INFO  testCases.TC_003_DataDrivenTest - MyAccount page stared
13:32:28.941 [main] INFO  testCases.TC_003_DataDrivenTest - Data Driven test started
13:32:28.941 [main] INFO  testCases.TC_003_DataDrivenTest - DataDriven test Ended
13:32:28.941 [main] INFO  testCases.TC_003_DataDrivenTest - test ended
13:32:28.950 [main] INFO  testCases.TC_003_DataDrivenTest - test started
13:32:28.950 [main] INFO  testCases.TC_003_DataDrivenTest - Home page started
13:32:29.491 [main] INFO  testCases.TC_003_DataDrivenTest - login page started
13:32:30.151 [main] INFO  testCases.TC_003_DataDrivenTest - login page ended
13:32:30.151 [main] INFO  testCases.TC_003_DataDrivenTest - MyAccount page stared
13:32:40.185 [main] INFO  testCases.TC_003_DataDrivenTest - Data Driven test started
13:40:04.496 [main] INFO  testCases.TC_003_DataDrivenTest - test started
13:40:04.507 [main] INFO  testCases.TC_003_DataDrivenTest - Home page started
13:40:05.329 [main] INFO  testCases.TC_003_DataDrivenTest - login page started
13:40:06.160 [main] INFO  testCases.TC_003_DataDrivenTest - login page ended
13:40:06.161 [main] INFO  testCases.TC_003_DataDrivenTest - MyAccount page stared
13:40:16.282 [main] INFO  testCases.TC_003_DataDrivenTest - Data Driven test started
13:40:16.302 [main] INFO  testCases.TC_003_DataDrivenTest - DataDriven test Ended
13:40:16.302 [main] INFO  testCases.TC_003_DataDrivenTest - test ended
13:40:16.388 [main] INFO  testCases.TC_003_DataDrivenTest - test started
13:40:16.388 [main] INFO  testCases.TC_003_DataDrivenTest - Home page started
13:40:16.945 [main] INFO  testCases.TC_003_DataDrivenTest - login page started
13:40:17.593 [main] INFO  testCases.TC_003_DataDrivenTest - login page ended
13:40:17.593 [main] INFO  testCases.TC_003_DataDrivenTest - MyAccount page stared
13:40:27.664 [main] INFO  testCases.TC_003_DataDrivenTest - Data Driven test started
13:40:27.671 [main] INFO  testCases.TC_003_DataDrivenTest - DataDriven test Ended
13:40:27.671 [main] INFO  testCases.TC_003_DataDrivenTest - test ended
13:40:27.676 [main] INFO  testCases.TC_003_DataDrivenTest - test started
13:40:27.677 [main] INFO  testCases.TC_003_DataDrivenTest - Home page started
13:40:28.310 [main] INFO  testCases.TC_003_DataDrivenTest - login page started
13:40:28.933 [main] INFO  testCases.TC_003_DataDrivenTest - login page ended
13:40:28.934 [main] INFO  testCases.TC_003_DataDrivenTest - MyAccount page stared
13:40:38.984 [main] INFO  testCases.TC_003_DataDrivenTest - Data Driven test started
13:40:38.984 [main] INFO  testCases.TC_003_DataDrivenTest - DataDriven test Ended
13:40:38.984 [main] INFO  testCases.TC_003_DataDrivenTest - test ended
13:40:38.992 [main] INFO  testCases.TC_003_DataDrivenTest - test started
13:40:38.993 [main] INFO  testCases.TC_003_DataDrivenTest - Home page started
13:40:39.667 [main] INFO  testCases.TC_003_DataDrivenTest - login page started
13:40:40.434 [main] INFO  testCases.TC_003_DataDrivenTest - login page ended
13:40:40.434 [main] INFO  testCases.TC_003_DataDrivenTest - MyAccount page stared
13:40:50.480 [main] INFO  testCases.TC_003_DataDrivenTest - Data Driven test started
13:40:50.480 [main] INFO  testCases.TC_003_DataDrivenTest - DataDriven test Ended
13:40:50.480 [main] INFO  testCases.TC_003_DataDrivenTest - test ended
13:40:50.483 [main] INFO  testCases.TC_003_DataDrivenTest - test started
13:40:50.483 [main] INFO  testCases.TC_003_DataDrivenTest - Home page started
13:40:51.027 [main] INFO  testCases.TC_003_DataDrivenTest - login page started
13:40:51.644 [main] INFO  testCases.TC_003_DataDrivenTest - login page ended
13:40:51.645 [main] INFO  testCases.TC_003_DataDrivenTest - MyAccount page stared
13:41:01.705 [main] INFO  testCases.TC_003_DataDrivenTest - Data Driven test started
13:46:18.950 [main] INFO  testCases.TC_003_DataDrivenTest - test started
13:46:18.961 [main] INFO  testCases.TC_003_DataDrivenTest - Home page started
13:46:20.372 [main] INFO  testCases.TC_003_DataDrivenTest - login page started
13:46:21.291 [main] INFO  testCases.TC_003_DataDrivenTest - login page ended
13:46:21.292 [main] INFO  testCases.TC_003_DataDrivenTest - MyAccount page stared
13:46:31.356 [main] INFO  testCases.TC_003_DataDrivenTest - Data Driven test started
13:46:31.361 [main] INFO  testCases.TC_003_DataDrivenTest - DataDriven test Ended
13:46:31.361 [main] INFO  testCases.TC_003_DataDrivenTest - test ended
13:46:31.428 [main] INFO  testCases.TC_003_DataDrivenTest - test started
13:46:31.428 [main] INFO  testCases.TC_003_DataDrivenTest - Home page started
13:46:32.201 [main] INFO  testCases.TC_003_DataDrivenTest - login page started
13:46:33.068 [main] INFO  testCases.TC_003_DataDrivenTest - login page ended
13:46:33.068 [main] INFO  testCases.TC_003_DataDrivenTest - MyAccount page stared
13:46:43.105 [main] INFO  testCases.TC_003_DataDrivenTest - Data Driven test started
13:46:43.105 [main] INFO  testCases.TC_003_DataDrivenTest - DataDriven test Ended
13:46:43.105 [main] INFO  testCases.TC_003_DataDrivenTest - test ended
13:46:43.108 [main] INFO  testCases.TC_003_DataDrivenTest - test started
13:46:43.108 [main] INFO  testCases.TC_003_DataDrivenTest - Home page started
13:46:43.646 [main] INFO  testCases.TC_003_DataDrivenTest - login page started
13:46:44.293 [main] INFO  testCases.TC_003_DataDrivenTest - login page ended
13:46:44.293 [main] INFO  testCases.TC_003_DataDrivenTest - MyAccount page stared
13:46:54.347 [main] INFO  testCases.TC_003_DataDrivenTest - Data Driven test started
13:46:54.355 [main] INFO  testCases.TC_003_DataDrivenTest - DataDriven test Ended
13:46:54.355 [main] INFO  testCases.TC_003_DataDrivenTest - test ended
13:46:54.361 [main] INFO  testCases.TC_003_DataDrivenTest - test started
13:46:54.361 [main] INFO  testCases.TC_003_DataDrivenTest - Home page started
13:46:54.880 [main] INFO  testCases.TC_003_DataDrivenTest - login page started
13:46:55.548 [main] INFO  testCases.TC_003_DataDrivenTest - login page ended
13:46:55.549 [main] INFO  testCases.TC_003_DataDrivenTest - MyAccount page stared
13:47:05.580 [main] INFO  testCases.TC_003_DataDrivenTest - Data Driven test started
13:47:05.580 [main] INFO  testCases.TC_003_DataDrivenTest - DataDriven test Ended
13:47:05.580 [main] INFO  testCases.TC_003_DataDrivenTest - test ended
13:47:05.585 [main] INFO  testCases.TC_003_DataDrivenTest - test started
13:47:05.585 [main] INFO  testCases.TC_003_DataDrivenTest - Home page started
13:47:06.672 [main] INFO  testCases.TC_003_DataDrivenTest - login page started
13:47:07.363 [main] INFO  testCases.TC_003_DataDrivenTest - login page ended
13:47:07.363 [main] INFO  testCases.TC_003_DataDrivenTest - MyAccount page stared
13:47:17.409 [main] INFO  testCases.TC_003_DataDrivenTest - Data Driven test started
14:21:09.431 [main] INFO  testCases.TC_003_DataDrivenTest - test started
14:21:09.445 [main] INFO  testCases.TC_003_DataDrivenTest - Home page started
14:21:10.440 [main] INFO  testCases.TC_003_DataDrivenTest - login page started
14:21:11.371 [main] INFO  testCases.TC_003_DataDrivenTest - login page ended
14:21:11.371 [main] INFO  testCases.TC_003_DataDrivenTest - MyAccount page stared
14:21:21.415 [main] INFO  testCases.TC_003_DataDrivenTest - Data Driven test started
14:21:21.418 [main] INFO  testCases.TC_003_DataDrivenTest - DataDriven test Ended
14:21:21.418 [main] INFO  testCases.TC_003_DataDrivenTest - test ended
14:21:21.494 [main] INFO  testCases.TC_003_DataDrivenTest - test started
14:21:21.494 [main] INFO  testCases.TC_003_DataDrivenTest - Home page started
14:21:22.099 [main] INFO  testCases.TC_003_DataDrivenTest - login page started
14:21:22.797 [main] INFO  testCases.TC_003_DataDrivenTest - login page ended
14:21:22.798 [main] INFO  testCases.TC_003_DataDrivenTest - MyAccount page stared
14:21:32.852 [main] INFO  testCases.TC_003_DataDrivenTest - Data Driven test started
14:21:32.861 [main] INFO  testCases.TC_003_DataDrivenTest - DataDriven test Ended
14:21:32.861 [main] INFO  testCases.TC_003_DataDrivenTest - test ended
14:21:32.865 [main] INFO  testCases.TC_003_DataDrivenTest - test started
14:21:32.865 [main] INFO  testCases.TC_003_DataDrivenTest - Home page started
14:21:33.433 [main] INFO  testCases.TC_003_DataDrivenTest - login page started
14:21:34.068 [main] INFO  testCases.TC_003_DataDrivenTest - login page ended
14:21:34.068 [main] INFO  testCases.TC_003_DataDrivenTest - MyAccount page stared
14:21:44.101 [main] INFO  testCases.TC_003_DataDrivenTest - Data Driven test started
14:21:44.101 [main] INFO  testCases.TC_003_DataDrivenTest - DataDriven test Ended
14:21:44.101 [main] INFO  testCases.TC_003_DataDrivenTest - test ended
14:21:44.104 [main] INFO  testCases.TC_003_DataDrivenTest - test started
14:21:44.105 [main] INFO  testCases.TC_003_DataDrivenTest - Home page started
14:21:44.738 [main] INFO  testCases.TC_003_DataDrivenTest - login page started
14:21:45.311 [main] INFO  testCases.TC_003_DataDrivenTest - login page ended
14:21:45.311 [main] INFO  testCases.TC_003_DataDrivenTest - MyAccount page stared
14:21:55.342 [main] INFO  testCases.TC_003_DataDrivenTest - Data Driven test started
14:21:55.351 [main] INFO  testCases.TC_003_DataDrivenTest - DataDriven test Ended
14:21:55.351 [main] INFO  testCases.TC_003_DataDrivenTest - test ended
14:21:55.354 [main] INFO  testCases.TC_003_DataDrivenTest - test started
14:21:55.354 [main] INFO  testCases.TC_003_DataDrivenTest - Home page started
14:21:56.014 [main] INFO  testCases.TC_003_DataDrivenTest - login page started
14:21:56.631 [main] INFO  testCases.TC_003_DataDrivenTest - login page ended
14:21:56.631 [main] INFO  testCases.TC_003_DataDrivenTest - MyAccount page stared
14:22:06.675 [main] INFO  testCases.TC_003_DataDrivenTest - Data Driven test started
12:06:27.488 [main] INFO  testCases.TC_001_AccountRegistrationTest - test started
12:06:27.501 [main] INFO  testCases.TC_001_AccountRegistrationTest - Home page started
12:06:29.062 [main] INFO  testCases.TC_001_AccountRegistrationTest - AccountRegistrationpage started
12:59:17.996 [main] INFO  testCases.TC_003_DataDrivenTest - test started
12:59:18.029 [main] INFO  testCases.TC_003_DataDrivenTest - Home page started
12:59:18.613 [main] INFO  testCases.TC_003_DataDrivenTest - login page started
12:59:19.196 [main] INFO  testCases.TC_003_DataDrivenTest - login page ended
12:59:19.197 [main] INFO  testCases.TC_003_DataDrivenTest - MyAccount page stared
12:59:29.251 [main] INFO  testCases.TC_003_DataDrivenTest - Data Driven test started
12:59:29.254 [main] INFO  testCases.TC_003_DataDrivenTest - DataDriven test Ended
12:59:29.254 [main] INFO  testCases.TC_003_DataDrivenTest - test ended
12:59:29.312 [main] INFO  testCases.TC_003_DataDrivenTest - test started
12:59:29.312 [main] INFO  testCases.TC_003_DataDrivenTest - Home page started
12:59:30.840 [main] INFO  testCases.TC_003_DataDrivenTest - test started
12:59:30.840 [main] INFO  testCases.TC_003_DataDrivenTest - Home page started
12:59:31.226 [main] INFO  testCases.TC_003_DataDrivenTest - login page started
12:59:31.576 [main] INFO  testCases.TC_003_DataDrivenTest - login page ended
12:59:31.576 [main] INFO  testCases.TC_003_DataDrivenTest - MyAccount page stared
12:59:41.632 [main] INFO  testCases.TC_003_DataDrivenTest - Data Driven test started
12:59:41.639 [main] INFO  testCases.TC_003_DataDrivenTest - DataDriven test Ended
12:59:41.639 [main] INFO  testCases.TC_003_DataDrivenTest - test ended
12:59:41.642 [main] INFO  testCases.TC_003_DataDrivenTest - test started
12:59:41.642 [main] INFO  testCases.TC_003_DataDrivenTest - Home page started
12:59:42.064 [main] INFO  testCases.TC_003_DataDrivenTest - login page started
12:59:42.407 [main] INFO  testCases.TC_003_DataDrivenTest - login page ended
12:59:42.407 [main] INFO  testCases.TC_003_DataDrivenTest - MyAccount page stared
12:59:52.445 [main] INFO  testCases.TC_003_DataDrivenTest - Data Driven test started
12:59:52.445 [main] INFO  testCases.TC_003_DataDrivenTest - DataDriven test Ended
12:59:52.445 [main] INFO  testCases.TC_003_DataDrivenTest - test ended
12:59:52.449 [main] INFO  testCases.TC_003_DataDrivenTest - test started
12:59:52.449 [main] INFO  testCases.TC_003_DataDrivenTest - Home page started
12:59:52.855 [main] INFO  testCases.TC_003_DataDrivenTest - login page started
12:59:53.163 [main] INFO  testCases.TC_003_DataDrivenTest - login page ended
12:59:53.164 [main] INFO  testCases.TC_003_DataDrivenTest - MyAccount page stared
13:00:03.228 [main] INFO  testCases.TC_003_DataDrivenTest - Data Driven test started
13:00:48.808 [main] INFO  testCases.TC_003_DataDrivenTest - test started
13:00:48.812 [main] INFO  testCases.TC_003_DataDrivenTest - Home page started
13:00:49.289 [main] INFO  testCases.TC_003_DataDrivenTest - login page started
13:00:49.638 [main] INFO  testCases.TC_003_DataDrivenTest - login page ended
13:00:49.639 [main] INFO  testCases.TC_003_DataDrivenTest - MyAccount page stared
13:00:59.681 [main] INFO  testCases.TC_003_DataDrivenTest - Data Driven test started
13:00:59.684 [main] INFO  testCases.TC_003_DataDrivenTest - DataDriven test Ended
13:00:59.684 [main] INFO  testCases.TC_003_DataDrivenTest - test ended
13:00:59.711 [main] INFO  testCases.TC_003_DataDrivenTest - test started
13:00:59.712 [main] INFO  testCases.TC_003_DataDrivenTest - Home page started
13:01:00.097 [main] INFO  testCases.TC_003_DataDrivenTest - login page started
13:01:00.363 [main] INFO  testCases.TC_003_DataDrivenTest - login page ended
13:01:00.363 [main] INFO  testCases.TC_003_DataDrivenTest - MyAccount page stared
13:01:10.411 [main] INFO  testCases.TC_003_DataDrivenTest - Data Driven test started
13:01:10.411 [main] INFO  testCases.TC_003_DataDrivenTest - DataDriven test Ended
13:01:10.411 [main] INFO  testCases.TC_003_DataDrivenTest - test ended
13:01:10.414 [main] INFO  testCases.TC_003_DataDrivenTest - test started
13:01:10.414 [main] INFO  testCases.TC_003_DataDrivenTest - Home page started
13:01:10.785 [main] INFO  testCases.TC_003_DataDrivenTest - login page started
13:01:11.029 [main] INFO  testCases.TC_003_DataDrivenTest - login page ended
13:01:11.030 [main] INFO  testCases.TC_003_DataDrivenTest - MyAccount page stared
13:01:21.069 [main] INFO  testCases.TC_003_DataDrivenTest - Data Driven test started
13:01:21.069 [main] INFO  testCases.TC_003_DataDrivenTest - DataDriven test Ended
13:01:21.069 [main] INFO  testCases.TC_003_DataDrivenTest - test ended
13:01:21.076 [main] INFO  testCases.TC_003_DataDrivenTest - test started
13:01:21.076 [main] INFO  testCases.TC_003_DataDrivenTest - Home page started
13:01:21.443 [main] INFO  testCases.TC_003_DataDrivenTest - login page started
13:01:21.743 [main] INFO  testCases.TC_003_DataDrivenTest - login page ended
13:01:21.743 [main] INFO  testCases.TC_003_DataDrivenTest - MyAccount page stared
13:01:31.761 [main] INFO  testCases.TC_003_DataDrivenTest - Data Driven test started
13:01:31.761 [main] INFO  testCases.TC_003_DataDrivenTest - DataDriven test Ended
13:01:31.761 [main] INFO  testCases.TC_003_DataDrivenTest - test ended
13:01:31.767 [main] INFO  testCases.TC_003_DataDrivenTest - test started
13:01:31.768 [main] INFO  testCases.TC_003_DataDrivenTest - Home page started
13:01:32.135 [main] INFO  testCases.TC_003_DataDrivenTest - login page started
13:01:32.386 [main] INFO  testCases.TC_003_DataDrivenTest - login page ended
13:01:32.386 [main] INFO  testCases.TC_003_DataDrivenTest - MyAccount page stared
13:01:42.422 [main] INFO  testCases.TC_003_DataDrivenTest - Data Driven test started
13:19:39.919 [main] WARN  org.apache.poi.openxml4j.opc.OPCPackage - Unable to call close() on a package that hasn't been fully opened yet
13:20:46.950 [main] INFO  testCases.TC_003_DataDrivenTest - test started
13:20:46.959 [main] INFO  testCases.TC_003_DataDrivenTest - Home page started
13:20:47.681 [main] INFO  testCases.TC_003_DataDrivenTest - login page started
13:20:48.102 [main] INFO  testCases.TC_003_DataDrivenTest - login page ended
13:20:48.102 [main] INFO  testCases.TC_003_DataDrivenTest - MyAccount page stared
13:20:58.139 [main] INFO  testCases.TC_003_DataDrivenTest - Data Driven test started
13:20:58.142 [main] INFO  testCases.TC_003_DataDrivenTest - DataDriven test Ended
13:20:58.143 [main] INFO  testCases.TC_003_DataDrivenTest - test ended
13:20:58.179 [main] INFO  testCases.TC_003_DataDrivenTest - test started
13:20:58.179 [main] INFO  testCases.TC_003_DataDrivenTest - Home page started
13:20:58.862 [main] INFO  testCases.TC_003_DataDrivenTest - login page started
13:20:59.204 [main] INFO  testCases.TC_003_DataDrivenTest - login page ended
13:20:59.204 [main] INFO  testCases.TC_003_DataDrivenTest - MyAccount page stared
13:21:09.230 [main] INFO  testCases.TC_003_DataDrivenTest - Data Driven test started
13:21:09.230 [main] INFO  testCases.TC_003_DataDrivenTest - DataDriven test Ended
13:21:09.230 [main] INFO  testCases.TC_003_DataDrivenTest - test ended
13:21:09.240 [main] INFO  testCases.TC_003_DataDrivenTest - test started
13:21:09.240 [main] INFO  testCases.TC_003_DataDrivenTest - Home page started
13:21:09.920 [main] INFO  testCases.TC_003_DataDrivenTest - login page started
13:21:10.189 [main] INFO  testCases.TC_003_DataDrivenTest - login page ended
13:21:10.189 [main] INFO  testCases.TC_003_DataDrivenTest - MyAccount page stared
13:21:20.247 [main] INFO  testCases.TC_003_DataDrivenTest - Data Driven test started
13:21:20.248 [main] INFO  testCases.TC_003_DataDrivenTest - DataDriven test Ended
13:21:20.248 [main] INFO  testCases.TC_003_DataDrivenTest - test ended
13:21:20.251 [main] INFO  testCases.TC_003_DataDrivenTest - test started
13:21:20.252 [main] INFO  testCases.TC_003_DataDrivenTest - Home page started
13:21:20.876 [main] INFO  testCases.TC_003_DataDrivenTest - login page started
13:21:21.131 [main] INFO  testCases.TC_003_DataDrivenTest - login page ended
13:21:21.131 [main] INFO  testCases.TC_003_DataDrivenTest - MyAccount page stared
13:21:31.174 [main] INFO  testCases.TC_003_DataDrivenTest - Data Driven test started
13:21:31.174 [main] INFO  testCases.TC_003_DataDrivenTest - DataDriven test Ended
13:21:31.174 [main] INFO  testCases.TC_003_DataDrivenTest - test ended
13:21:31.177 [main] INFO  testCases.TC_003_DataDrivenTest - test started
13:21:31.177 [main] INFO  testCases.TC_003_DataDrivenTest - Home page started
13:21:31.750 [main] INFO  testCases.TC_003_DataDrivenTest - login page started
13:21:32.032 [main] INFO  testCases.TC_003_DataDrivenTest - login page ended
13:21:32.032 [main] INFO  testCases.TC_003_DataDrivenTest - MyAccount page stared
13:21:42.054 [main] INFO  testCases.TC_003_DataDrivenTest - Data Driven test started
13:22:19.178 [main] WARN  org.apache.poi.openxml4j.opc.OPCPackage - Unable to call close() on a package that hasn't been fully opened yet
22:22:28.265 [main] INFO  testCases.TC_001_AccountRegistrationTest - test started
22:22:28.269 [main] INFO  testCases.TC_001_AccountRegistrationTest - Home page started
22:22:28.995 [main] INFO  testCases.TC_001_AccountRegistrationTest - AccountRegistrationpage started
22:26:56.771 [main] INFO  testCases.TC_001_AccountRegistrationTest - test started
22:26:56.778 [main] INFO  testCases.TC_001_AccountRegistrationTest - Home page started
22:26:57.590 [main] INFO  testCases.TC_001_AccountRegistrationTest - AccountRegistrationpage started
22:26:59.225 [main] INFO  testCases.TC_001_AccountRegistrationTest - Confirmation page started
22:26:59.550 [main] INFO  testCases.TC_001_AccountRegistrationTest - test ended
22:27:56.668 [main] INFO  testCases.TC_001_AccountRegistrationTest - test started
22:27:56.676 [main] INFO  testCases.TC_001_AccountRegistrationTest - Home page started
22:27:57.446 [main] INFO  testCases.TC_001_AccountRegistrationTest - AccountRegistrationpage started
22:27:59.020 [main] INFO  testCases.TC_001_AccountRegistrationTest - Confirmation page started
22:27:59.335 [main] INFO  testCases.TC_001_AccountRegistrationTest - test ended
22:28:12.977 [main] INFO  testCases.TC_002_AccountLoginTest - test started
22:30:14.465 [main] INFO  testCases.TC_001_AccountRegistrationTest - test started
22:30:14.471 [main] INFO  testCases.TC_001_AccountRegistrationTest - Home page started
22:30:15.306 [main] INFO  testCases.TC_001_AccountRegistrationTest - AccountRegistrationpage started
22:30:17.071 [main] INFO  testCases.TC_001_AccountRegistrationTest - Confirmation page started
22:30:17.433 [main] INFO  testCases.TC_001_AccountRegistrationTest - test ended
22:30:22.217 [main] INFO  testCases.TC_002_AccountLoginTest - test started
22:30:23.685 [main] INFO  testCases.TC_002_AccountLoginTest - login completed
22:30:23.687 [main] INFO  testCases.TC_002_AccountLoginTest - myAccount started
22:30:23.767 [main] INFO  testCases.TC_002_AccountLoginTest - target displayed
22:30:23.767 [main] INFO  testCases.TC_002_AccountLoginTest - true
22:30:23.767 [main] INFO  testCases.TC_002_AccountLoginTest - test finished
22:46:25.719 [main] INFO  testCases.TC_001_AccountRegistrationTest - test started
22:46:25.729 [main] INFO  testCases.TC_001_AccountRegistrationTest - Home page started
22:46:26.433 [main] INFO  testCases.TC_001_AccountRegistrationTest - AccountRegistrationpage started
22:46:28.254 [main] INFO  testCases.TC_001_AccountRegistrationTest - Confirmation page started
22:46:28.691 [main] INFO  testCases.TC_001_AccountRegistrationTest - test ended
22:46:38.526 [main] INFO  testCases.TC_002_AccountLoginTest - test started
22:46:40.457 [main] INFO  testCases.TC_002_AccountLoginTest - login completed
22:46:40.460 [main] INFO  testCases.TC_002_AccountLoginTest - myAccount started
22:46:40.531 [main] INFO  testCases.TC_002_AccountLoginTest - target displayed
22:46:40.531 [main] INFO  testCases.TC_002_AccountLoginTest - true
22:46:40.531 [main] INFO  testCases.TC_002_AccountLoginTest - test finished
22:46:49.241 [main] INFO  testCases.TC_003_DataDrivenTest - test started
22:46:49.243 [main] INFO  testCases.TC_003_DataDrivenTest - Home page started
22:46:49.837 [main] INFO  testCases.TC_003_DataDrivenTest - login page started
22:46:50.608 [main] INFO  testCases.TC_003_DataDrivenTest - login page ended
22:46:50.608 [main] INFO  testCases.TC_003_DataDrivenTest - MyAccount page stared
22:47:00.660 [main] INFO  testCases.TC_003_DataDrivenTest - Data Driven test started
22:47:00.660 [main] INFO  testCases.TC_003_DataDrivenTest - DataDriven test Ended
22:47:00.660 [main] INFO  testCases.TC_003_DataDrivenTest - test ended
22:47:00.663 [main] INFO  testCases.TC_003_DataDrivenTest - test started
22:47:00.663 [main] INFO  testCases.TC_003_DataDrivenTest - Home page started
22:47:00.995 [main] INFO  testCases.TC_003_DataDrivenTest - login page started
22:47:01.503 [main] INFO  testCases.TC_003_DataDrivenTest - login page ended
22:47:01.503 [main] INFO  testCases.TC_003_DataDrivenTest - MyAccount page stared
22:47:11.591 [main] INFO  testCases.TC_003_DataDrivenTest - Data Driven test started
22:47:11.592 [main] INFO  testCases.TC_003_DataDrivenTest - DataDriven test Ended
22:47:11.592 [main] INFO  testCases.TC_003_DataDrivenTest - test ended
22:47:11.598 [main] INFO  testCases.TC_003_DataDrivenTest - test started
22:47:11.598 [main] INFO  testCases.TC_003_DataDrivenTest - Home page started
22:47:12.308 [main] INFO  testCases.TC_003_DataDrivenTest - login page started
22:47:13.241 [main] INFO  testCases.TC_003_DataDrivenTest - login page ended
22:47:13.241 [main] INFO  testCases.TC_003_DataDrivenTest - MyAccount page stared
22:47:23.340 [main] INFO  testCases.TC_003_DataDrivenTest - Data Driven test started
22:47:23.341 [main] INFO  testCases.TC_003_DataDrivenTest - DataDriven test Ended
22:47:23.341 [main] INFO  testCases.TC_003_DataDrivenTest - test ended
22:47:23.344 [main] INFO  testCases.TC_003_DataDrivenTest - test started
22:47:23.345 [main] INFO  testCases.TC_003_DataDrivenTest - Home page started
22:47:23.709 [main] INFO  testCases.TC_003_DataDrivenTest - login page started
22:47:24.234 [main] INFO  testCases.TC_003_DataDrivenTest - login page ended
22:47:24.234 [main] INFO  testCases.TC_003_DataDrivenTest - MyAccount page stared
22:47:34.247 [main] INFO  testCases.TC_003_DataDrivenTest - Data Driven test started
22:47:34.248 [main] INFO  testCases.TC_003_DataDrivenTest - DataDriven test Ended
22:47:34.250 [main] INFO  testCases.TC_003_DataDrivenTest - test ended
22:47:34.255 [main] INFO  testCases.TC_003_DataDrivenTest - test started
22:47:34.255 [main] INFO  testCases.TC_003_DataDrivenTest - Home page started
22:47:34.865 [main] INFO  testCases.TC_003_DataDrivenTest - login page started
22:47:35.775 [main] INFO  testCases.TC_003_DataDrivenTest - login page ended
22:47:35.775 [main] INFO  testCases.TC_003_DataDrivenTest - MyAccount page stared
22:47:45.805 [main] INFO  testCases.TC_003_DataDrivenTest - Data Driven test started
22:51:05.255 [main] INFO  testCases.TC_001_AccountRegistrationTest - test started
22:51:05.259 [main] INFO  testCases.TC_001_AccountRegistrationTest - Home page started
22:51:11.034 [main] INFO  testCases.TC_001_AccountRegistrationTest - AccountRegistrationpage started
22:51:12.922 [main] INFO  testCases.TC_001_AccountRegistrationTest - Confirmation page started
22:51:13.253 [main] INFO  testCases.TC_001_AccountRegistrationTest - test ended
22:51:24.175 [main] INFO  testCases.TC_002_AccountLoginTest - test started
22:51:25.437 [main] INFO  testCases.TC_002_AccountLoginTest - login completed
22:51:25.439 [main] INFO  testCases.TC_002_AccountLoginTest - myAccount started
22:51:25.516 [main] INFO  testCases.TC_002_AccountLoginTest - target displayed
22:51:25.517 [main] INFO  testCases.TC_002_AccountLoginTest - true
22:51:25.517 [main] INFO  testCases.TC_002_AccountLoginTest - test finished
22:51:34.384 [main] INFO  testCases.TC_003_DataDrivenTest - test started
22:51:34.385 [main] INFO  testCases.TC_003_DataDrivenTest - Home page started
22:51:35.148 [main] INFO  testCases.TC_003_DataDrivenTest - login page started
22:51:36.169 [main] INFO  testCases.TC_003_DataDrivenTest - login page ended
22:51:36.169 [main] INFO  testCases.TC_003_DataDrivenTest - MyAccount page stared
22:51:46.289 [main] INFO  testCases.TC_003_DataDrivenTest - Data Driven test started
22:51:46.290 [main] INFO  testCases.TC_003_DataDrivenTest - DataDriven test Ended
22:51:46.290 [main] INFO  testCases.TC_003_DataDrivenTest - test ended
22:51:46.295 [main] INFO  testCases.TC_003_DataDrivenTest - test started
22:51:46.295 [main] INFO  testCases.TC_003_DataDrivenTest - Home page started
22:51:47.633 [main] INFO  testCases.TC_003_DataDrivenTest - login page started
22:51:48.734 [main] INFO  testCases.TC_003_DataDrivenTest - login page ended
22:51:48.734 [main] INFO  testCases.TC_003_DataDrivenTest - MyAccount page stared
22:51:58.793 [main] INFO  testCases.TC_003_DataDrivenTest - Data Driven test started
22:51:58.793 [main] INFO  testCases.TC_003_DataDrivenTest - DataDriven test Ended
22:51:58.793 [main] INFO  testCases.TC_003_DataDrivenTest - test ended
22:51:58.796 [main] INFO  testCases.TC_003_DataDrivenTest - test started
22:51:58.797 [main] INFO  testCases.TC_003_DataDrivenTest - Home page started
22:51:59.336 [main] INFO  testCases.TC_003_DataDrivenTest - login page started
22:52:00.199 [main] INFO  testCases.TC_003_DataDrivenTest - login page ended
22:52:00.199 [main] INFO  testCases.TC_003_DataDrivenTest - MyAccount page stared
22:52:10.289 [main] INFO  testCases.TC_003_DataDrivenTest - Data Driven test started
22:52:10.296 [main] INFO  testCases.TC_003_DataDrivenTest - DataDriven test Ended
22:52:10.296 [main] INFO  testCases.TC_003_DataDrivenTest - test ended
22:52:10.299 [main] INFO  testCases.TC_003_DataDrivenTest - test started
22:52:10.299 [main] INFO  testCases.TC_003_DataDrivenTest - Home page started
22:52:10.725 [main] INFO  testCases.TC_003_DataDrivenTest - login page started
22:52:11.456 [main] INFO  testCases.TC_003_DataDrivenTest - login page ended
22:52:11.456 [main] INFO  testCases.TC_003_DataDrivenTest - MyAccount page stared
22:52:21.568 [main] INFO  testCases.TC_003_DataDrivenTest - Data Driven test started
22:52:21.569 [main] INFO  testCases.TC_003_DataDrivenTest - DataDriven test Ended
22:52:21.569 [main] INFO  testCases.TC_003_DataDrivenTest - test ended
22:52:21.573 [main] INFO  testCases.TC_003_DataDrivenTest - test started
22:52:21.574 [main] INFO  testCases.TC_003_DataDrivenTest - Home page started
22:52:22.229 [main] INFO  testCases.TC_003_DataDrivenTest - login page started
22:52:23.279 [main] INFO  testCases.TC_003_DataDrivenTest - login page ended
22:52:23.279 [main] INFO  testCases.TC_003_DataDrivenTest - MyAccount page stared
22:52:33.337 [main] INFO  testCases.TC_003_DataDrivenTest - Data Driven test started
22:53:18.618 [main] INFO  testCases.TC_001_AccountRegistrationTest - test started
22:53:18.628 [main] INFO  testCases.TC_001_AccountRegistrationTest - Home page started
